This is pdfTeX, Version 3.141592653-2.6-1.40.23 (MiKTeX 21.8) (preloaded format=pdflatex 2021.10.11)  11 OCT 2021 22:05
entering extended mode
**"./Projekt SINGIEL 2.0.tex"
(Projekt SINGIEL 2.0.tex
LaTeX2e <2021-06-01> patch level 1
L3 programming layer <2021-08-27>
(E:\Users\adam1\AppData\Local\Programs\MiKTeX\tex/latex/base\article.cls
Document Class: article 2021/02/12 v1.4n Standard LaTeX document class
(E:\Users\adam1\AppData\Local\Programs\MiKTeX\tex/latex/base\size12.clo
File: size12.clo 2021/02/12 v1.4n Standard LaTeX file (size option)
)
\c@part=\count182
\c@section=\count183
\c@subsection=\count184
\c@subsubsection=\count185
\c@paragraph=\count186
\c@subparagraph=\count187
\c@figure=\count188
\c@table=\count189
\abovecaptionskip=\skip47
\belowcaptionskip=\skip48
\bibindent=\dimen138
)
(E:\Users\adam1\AppData\Local\Programs\MiKTeX\tex/latex/base\inputenc.sty
Package: inputenc 2021/02/14 v1.3d Input encoding file
\inpenc@prehook=\toks16
\inpenc@posthook=\toks17
)
(E:\Users\adam1\AppData\Local\Programs\MiKTeX\tex/latex/amsmath\amsmath.sty
Package: amsmath 2021/04/20 v2.17j AMS math features
\@mathmargin=\skip49

For additional information on amsmath, use the `?' option.
(E:\Users\adam1\AppData\Local\Programs\MiKTeX\tex/latex/amsmath\amstext.sty
Package: amstext 2000/06/29 v2.01 AMS text

(E:\Users\adam1\AppData\Local\Programs\MiKTeX\tex/latex/amsmath\amsgen.sty
File: amsgen.sty 1999/11/30 v2.0 generic functions
\@emptytoks=\toks18
\ex@=\dimen139
))
(E:\Users\adam1\AppData\Local\Programs\MiKTeX\tex/latex/amsmath\amsbsy.sty
Package: amsbsy 1999/11/29 v1.2d Bold Symbols
\pmbraise@=\dimen140
)
(E:\Users\adam1\AppData\Local\Programs\MiKTeX\tex/latex/amsmath\amsopn.sty
Package: amsopn 2016/03/08 v2.02 operator names
)
\inf@bad=\count190
LaTeX Info: Redefining \frac on input line 234.
\uproot@=\count191
\leftroot@=\count192
LaTeX Info: Redefining \overline on input line 399.
\classnum@=\count193
\DOTSCASE@=\count194
LaTeX Info: Redefining \ldots on input line 496.
LaTeX Info: Redefining \dots on input line 499.
LaTeX Info: Redefining \cdots on input line 620.
\Mathstrutbox@=\box50
\strutbox@=\box51
\big@size=\dimen141
LaTeX Font Info:    Redeclaring font encoding OML on input line 743.
LaTeX Font Info:    Redeclaring font encoding OMS on input line 744.
\macc@depth=\count195
\c@MaxMatrixCols=\count196
\dotsspace@=\muskip16
\c@parentequation=\count197
\dspbrk@lvl=\count198
\tag@help=\toks19
\row@=\count199
\column@=\count266
\maxfields@=\count267
\andhelp@=\toks20
\eqnshift@=\dimen142
\alignsep@=\dimen143
\tagshift@=\dimen144
\tagwidth@=\dimen145
\totwidth@=\dimen146
\lineht@=\dimen147
\@envbody=\toks21
\multlinegap=\skip50
\multlinetaggap=\skip51
\mathdisplay@stack=\toks22
LaTeX Info: Redefining \[ on input line 2923.
LaTeX Info: Redefining \] on input line 2924.
)
(E:\Users\adam1\AppData\Local\Programs\MiKTeX\tex/latex/amsfonts\amsfonts.sty
Package: amsfonts 2013/01/14 v3.01 Basic AMSFonts support
\symAMSa=\mathgroup4
\symAMSb=\mathgroup5
LaTeX Font Info:    Redeclaring math symbol \hbar on input line 98.
LaTeX Font Info:    Overwriting math alphabet `\mathfrak' in version `bold'
(Font)                  U/euf/m/n --> U/euf/b/n on input line 106.
)
(E:\Users\adam1\AppData\Local\Programs\MiKTeX\tex/latex/amsfonts\amssymb.sty
Package: amssymb 2013/01/14 v3.01 AMS font symbols
)
(E:\Users\adam1\AppData\Local\Programs\MiKTeX\tex/latex/tools\enumerate.sty
Package: enumerate 2015/07/23 v3.00 enumerate extensions (DPC)
\@enLab=\toks23
)
(E:\Users\adam1\AppData\Local\Programs\MiKTeX\tex/latex/base\fontenc.sty
Package: fontenc 2021/04/29 v2.0v Standard LaTeX package
)
(E:\Users\adam1\AppData\Local\Programs\MiKTeX\tex/latex/graphics\graphicx.sty
Package: graphicx 2020/12/05 v1.2c Enhanced LaTeX Graphics (DPC,SPQR)

(E:\Users\adam1\AppData\Local\Programs\MiKTeX\tex/latex/graphics\keyval.sty
Package: keyval 2014/10/28 v1.15 key=value parser (DPC)
\KV@toks@=\toks24
)
(E:\Users\adam1\AppData\Local\Programs\MiKTeX\tex/latex/graphics\graphics.sty
Package: graphics 2021/03/04 v1.4d Standard LaTeX Graphics (DPC,SPQR)

(E:\Users\adam1\AppData\Local\Programs\MiKTeX\tex/latex/graphics\trig.sty
Package: trig 2016/01/03 v1.10 sin cos tan (DPC)
)
(E:\Users\adam1\AppData\Local\Programs\MiKTeX\tex/latex/graphics-cfg\graphics.c
fg
File: graphics.cfg 2016/06/04 v1.11 sample graphics configuration
)
Package graphics Info: Driver file: pdftex.def on input line 107.

(E:\Users\adam1\AppData\Local\Programs\MiKTeX\tex/latex/graphics-def\pdftex.def
File: pdftex.def 2020/10/05 v1.2a Graphics/color driver for pdftex
))
\Gin@req@height=\dimen148
\Gin@req@width=\dimen149
) (E:\Users\adam1\AppData\Local\Programs\MiKTeX\tex/latex/polski\polski.sty
Package: polski 2021/08/25 v1.3.6 Polish language package

   Inputenc package detected. Catcodes not changed.
) (E:\Users\adam1\AppData\Local\Programs\MiKTeX\tex/latex/tools\array.sty
Package: array 2021/04/20 v2.5e Tabular extension package (FMi)
\col@sep=\dimen150
\ar@mcellbox=\box52
\extrarowheight=\dimen151
\NC@list=\toks25
\extratabsurround=\skip52
\backup@length=\skip53
\ar@cellbox=\box53
)

Package array Warning: Redefining primitive column l on input line 13.


(E:\Users\adam1\AppData\Local\Programs\MiKTeX\tex/latex/l3backend\l3backend-pdf
tex.def
File: l3backend-pdftex.def 2021-08-04 L3 backend support: PDF output (pdfTeX)
\l__color_backend_stack_int=\count268
\l__pdf_internal_box=\box54
) (Projekt SINGIEL 2.0.aux)
\openout1 = `"Projekt SINGIEL 2.0.aux"'.

LaTeX Font Info:    Checking defaults for OML/cmm/m/it on input line 14.
LaTeX Font Info:    ... okay on input line 14.
LaTeX Font Info:    Checking defaults for OMS/cmsy/m/n on input line 14.
LaTeX Font Info:    ... okay on input line 14.
LaTeX Font Info:    Checking defaults for OT1/cmr/m/n on input line 14.
LaTeX Font Info:    ... okay on input line 14.
LaTeX Font Info:    Checking defaults for T1/cmr/m/n on input line 14.
LaTeX Font Info:    ... okay on input line 14.
LaTeX Font Info:    Checking defaults for TS1/cmr/m/n on input line 14.
LaTeX Font Info:    ... okay on input line 14.
LaTeX Font Info:    Checking defaults for OMX/cmex/m/n on input line 14.
LaTeX Font Info:    ... okay on input line 14.
LaTeX Font Info:    Checking defaults for U/cmr/m/n on input line 14.
LaTeX Font Info:    ... okay on input line 14.

(E:\Users\adam1\AppData\Local\Programs\MiKTeX\tex/context/base/mkii\supp-pdf.mk
ii
[Loading MPS to PDF converter (version 2006.09.02).]
\scratchcounter=\count269
\scratchdimen=\dimen152
\scratchbox=\box55
\nofMPsegments=\count270
\nofMParguments=\count271
\everyMPshowfont=\toks26
\MPscratchCnt=\count272
\MPscratchDim=\dimen153
\MPnumerator=\count273
\makeMPintoPDFobject=\count274
\everyMPtoPDFconversion=\toks27
)
(E:\Users\adam1\AppData\Local\Programs\MiKTeX\tex/latex/epstopdf-pkg\epstopdf-b
ase.sty
Package: epstopdf-base 2020-01-24 v2.11 Base part for package epstopdf
Package epstopdf-base Info: Redefining graphics rule for `.eps' on input line 4
85.

(E:\Users\adam1\AppData\Local\Programs\MiKTeX\tex/latex/00miktex\epstopdf-sys.c
fg
File: epstopdf-sys.cfg 2021/03/18 v2.0 Configuration of epstopdf for MiKTeX
)) [1

{C:/Users/adam1/AppData/Local/MiKTeX/pdftex/config/pdftex.map}]
Underfull \hbox (badness 10000) in paragraph at lines 30--70

 []


Underfull \hbox (badness 10000) in paragraph at lines 30--70

 []


Underfull \hbox (badness 10000) in paragraph at lines 30--70

 []


Underfull \hbox (badness 10000) in paragraph at lines 30--70

 []


Underfull \hbox (badness 10000) in paragraph at lines 30--70

 []


Underfull \hbox (badness 10000) in paragraph at lines 30--70

 []


Underfull \hbox (badness 10000) in paragraph at lines 30--70

 []


Underfull \hbox (badness 10000) in paragraph at lines 30--70

 []


Underfull \hbox (badness 10000) in paragraph at lines 30--70

 []

[2]
LaTeX Font Info:    Trying to load font information for U+msa on input line 74.

 (E:\Users\adam1\AppData\Local\Programs\MiKTeX\tex/latex/amsfonts\umsa.fd
File: umsa.fd 2013/01/14 v3.01 AMS symbols A
)
LaTeX Font Info:    Trying to load font information for U+msb on input line 74.


(E:\Users\adam1\AppData\Local\Programs\MiKTeX\tex/latex/amsfonts\umsb.fd
File: umsb.fd 2013/01/14 v3.01 AMS symbols B
)
Underfull \hbox (badness 1552) in paragraph at lines 85--86
\T1/cmr/m/n/12 kow-nik wy-bie-ra opcj¦ Za-re-je-
 []


Underfull \hbox (badness 3884) in paragraph at lines 87--88
[]\T1/cmr/m/n/12 U»ytkownik wpro-wa-dza ha-sªo,
 []


Underfull \hbox (badness 3128) in paragraph at lines 88--89
[]\T1/cmr/m/n/12 Wypeªnia for-mu-larz do-ty-cz¡-cy
 []

[3]
Overfull \vbox (38.48727pt too high) has occurred while \output is active []


[4]
Underfull \hbox (badness 1354) in paragraph at lines 131--132
\T1/cmr/m/n/12 pra-wo (ak-cep-tu-je). Je-±li oso-ba
 []


Underfull \hbox (badness 5533) in paragraph at lines 132--133
\T1/cmr/m/n/12 od-rzu-ce-niu) wy-±wie-tla ko-lej-ne
 []


Underfull \hbox (badness 5091) in paragraph at lines 141--143
[]|\T1/cmr/m/n/12 Niepoprawne wy-ko-na-nie ge-stu -
 []


Underfull \hbox (badness 1603) in paragraph at lines 166--167
\T1/cmr/m/n/12 kow-nik wy-bie-ra opcj¦ Edy-tuj
 []


Underfull \hbox (badness 10000) in paragraph at lines 167--168
[]\T1/cmr/m/n/12 Aplikacja umo»-li-wia po-przez
 []


Underfull \hbox (badness 10000) in paragraph at lines 167--168
\T1/cmr/m/n/12 przy-cisk edy-cje wy-bra-nych
 []


Underfull \hbox (badness 3098) in paragraph at lines 171--172
[]\T1/cmr/m/n/12 U»ytkownik edy-tu-je da-ne
 []


Underfull \hbox (badness 1221) in paragraph at lines 184--186
[]|\T1/cmr/m/n/12 U»ytkownik nie po-daª wszyst-kich
 []

[5]
Underfull \hbox (badness 1748) in paragraph at lines 209--210
[]\T1/cmr/m/n/12 U»ytkownik wy-bie-ra oso-b¦ do
 []


Underfull \hbox (badness 5787) in paragraph at lines 211--212
[]\T1/cmr/m/n/12 U»ytkownik wy-sy-ªa za-war-to±¢
 []


Underfull \hbox (badness 3919) in paragraph at lines 215--217
[]|\T1/cmr/m/n/12 Wiadomo±¢ zo-sta-ªa wy-sªa-na po-
 []


Underfull \hbox (badness 1226) in paragraph at lines 218--220
[]|\T1/cmr/m/n/12 U»ytkownik nie po-sia-da spa-ro-wa-
 []

[6]
Underfull \hbox (badness 10000) in paragraph at lines 237--239
[]|\T1/cmr/m/n/12 Dopasowanie si¦ u»yt-kow-ni-ków,
 []


Underfull \hbox (badness 10000) in paragraph at lines 237--239
\T1/cmr/m/n/12 U»yt-kow-nik po-sia-da ka-me-r¦ i
 []


Underfull \hbox (badness 1748) in paragraph at lines 244--245
[]\T1/cmr/m/n/12 U»ytkownik wy-bie-ra oso-b¦ do
 []


Underfull \hbox (badness 10000) in paragraph at lines 258--260
\T1/cmr/m/n/12 udo-st¦p-nia-nie mikrofonu/kamery-
 []

[7]
Underfull \hbox (badness 1552) in paragraph at lines 283--284
[]\T1/cmr/m/n/12 U»ytkownik prze-cho-dzi do za-
 []


Underfull \hbox (badness 4072) in paragraph at lines 284--285
[]\T1/cmr/m/n/12 U»ytkownik zbli-»a te-le-fon do
 []


Underfull \hbox (badness 1048) in paragraph at lines 291--293
[]|\T1/cmr/m/n/12 Odbiorca prze-sy-ªu nie zbli-»yª te-
 []


Underfull \hbox (badness 3449) in paragraph at lines 291--293
\T1/cmr/m/n/12 le-fo-nu na od-po-wied-ni¡ od-le-gªo±¢
 []


Underfull \hbox (badness 6876) in paragraph at lines 291--293
\T1/cmr/m/n/12 -> kon-takt nie zo-staª prze-sªa-
 []


Underfull \hbox (badness 10000) in paragraph at lines 294--296
[]|\T1/cmr/m/n/12 U»ytkownik pró-bu-j¡-cy do-ko-na¢
 []


Underfull \hbox (badness 3240) in paragraph at lines 294--296
\T1/cmr/m/n/12 prze-sy-ªu nie zbli-»yª te-le-fo-nu na
 []

[8] [9]
Underfull \hbox (badness 2809) in paragraph at lines 346--347
[]\T1/cmr/m/n/12 U»ytkownik kli-ka na przy-cisk
 []


Underfull \hbox (badness 1052) in paragraph at lines 347--348
\T1/cmr/m/n/12 krot-nie po-da-je no-we ha-sªo do
 []

[10]
Underfull \hbox (badness 2809) in paragraph at lines 379--380
[]\T1/cmr/m/n/12 U»ytkownik kli-ka na przy-cisk
 []


Overfull \hbox (0.97937pt too wide) in paragraph at lines 367--396
[][]  
 []

[11] [12]
<zdjÄ™cia i skriny/log1.PNG, id=42, 846.16125pt x 381.67593pt>
File: zdjÄ™cia i skriny/log1.PNG Graphic file (type png)
<use zdjÄ™cia i skriny/log1.PNG>
Package pdftex.def Info: zdjÄ™cia i skriny/log1.PNG  used on input line 400.
(pdftex.def)             Requested size: 398.33858pt x 179.67308pt.

Overfull \hbox (8.33858pt too wide) in paragraph at lines 400--401
 [][] 
 []

<zdjÄ™cia i skriny/log2.PNG, id=44, 845.40843pt x 384.6872pt>
File: zdjÄ™cia i skriny/log2.PNG Graphic file (type png)
<use zdjÄ™cia i skriny/log2.PNG>
Package pdftex.def Info: zdjÄ™cia i skriny/log2.PNG  used on input line 406.
(pdftex.def)             Requested size: 398.33858pt x 181.25497pt.

Overfull \hbox (8.33858pt too wide) in paragraph at lines 406--407
 [][] 
 []

<zdjÄ™cia i skriny/czat1.PNG, id=45, 590.95781pt x 355.3275pt>
File: zdjÄ™cia i skriny/czat1.PNG Graphic file (type png)
<use zdjÄ™cia i skriny/czat1.PNG>
Package pdftex.def Info: zdjÄ™cia i skriny/czat1.PNG  used on input line 412.
(pdftex.def)             Requested size: 426.79134pt x 256.62175pt.

Overfull \hbox (36.79134pt too wide) in paragraph at lines 412--413
 [][] 
 []

<zdjÄ™cia i skriny/czat2.PNG, id=46, 391.4625pt x 369.63094pt>
File: zdjÄ™cia i skriny/czat2.PNG Graphic file (type png)
<use zdjÄ™cia i skriny/czat2.PNG>
Package pdftex.def Info: zdjÄ™cia i skriny/czat2.PNG  used on input line 418.
(pdftex.def)             Requested size: 284.52756pt x 268.6721pt.
<zdjÄ™cia i skriny/swipe up.PNG, id=47, 697.10437pt x 316.18124pt>
File: zdjÄ™cia i skriny/swipe up.PNG Graphic file (type png)
<use zdjÄ™cia i skriny/swipe up.PNG>
Package pdftex.def Info: zdjÄ™cia i skriny/swipe up.PNG  used on input line 423
.
(pdftex.def)             Requested size: 426.79134pt x 193.57948pt.

Overfull \hbox (36.79134pt too wide) in paragraph at lines 423--424
 [][] 
 []

<zdjÄ™cia i skriny/swipe 2.PNG, id=48, 160.34906pt x 311.66437pt>
File: zdjÄ™cia i skriny/swipe 2.PNG Graphic file (type png)
<use zdjÄ™cia i skriny/swipe 2.PNG>
Package pdftex.def Info: zdjÄ™cia i skriny/swipe 2.PNG  used on input line 429.

(pdftex.def)             Requested size: 142.26378pt x 276.51964pt.

LaTeX Warning: `h' float specifier changed to `ht'.

<zdjÄ™cia i skriny/edycja.PNG, id=49, 385.44pt x 360.59718pt>
File: zdjÄ™cia i skriny/edycja.PNG Graphic file (type png)
<use zdjÄ™cia i skriny/edycja.PNG>
Package pdftex.def Info: zdjÄ™cia i skriny/edycja.PNG  used on input line 436.
(pdftex.def)             Requested size: 256.0748pt x 239.56851pt.

LaTeX Warning: `h' float specifier changed to `ht'.

[13 <./zdjÄ™cia i skriny/log1.PNG> <./zdjÄ™cia i skriny/log2.PNG>] [14 <./zdjÄ™
cia i skriny/czat1.PNG> <./zdjÄ™cia i skriny/czat2.PNG>] [15 <./zdjÄ™cia i skri
ny/swipe up.PNG> <./zdjÄ™cia i skriny/swipe 2.PNG>] [16 <./zdjÄ™cia i skriny/ed
ycja.PNG>] (Projekt SINGIEL 2.0.aux) ) 
Here is how much of TeX's memory you used:
 2831 strings out of 478927
 38398 string characters out of 2852534
 335492 words of memory out of 3000000
 20667 multiletter control sequences out of 15000+600000
 411160 words of font info for 49 fonts, out of 8000000 for 9000
 1141 hyphenation exceptions out of 8191
 57i,9n,66p,405b,262s stack positions out of 5000i,500n,10000p,200000b,80000s
 <C:\Users\adam1\AppData\Local\MiKTeX\fon
ts/pk/ljfour/jknappen/ec/dpi600\ecbx1200.pk> <C:\Users\adam1\AppData\Local\MiKT
eX\fonts/pk/ljfour/jknappen/ec/dpi600\ecbx1728.pk> <C:\Users\adam1\AppData\Loca
l\MiKTeX\fonts/pk/ljfour/jknappen/ec/dpi600\ecrm1200.pk>
Output written on "Projekt SINGIEL 2.0.pdf" (16 pages, 626141 bytes).
PDF statistics:
 210 PDF objects out of 1000 (max. 8388607)
 0 named destinations out of 1000 (max. 500000)
 36 words of extra memory for PDF output out of 10000 (max. 10000000)

